[2021-03-26 10:49:34,997] {scheduler_job.py:181} INFO - Started process (PID=4266) to work on /usr/local/lib/python3.9/site-packages/airflow/example_dags/example_subdag_operator.py
[2021-03-26 10:49:34,997] {scheduler_job.py:629} INFO - Processing file /usr/local/lib/python3.9/site-packages/airflow/example_dags/example_subdag_operator.py for tasks to queue
[2021-03-26 10:49:34,998] {logging_mixin.py:103} INFO - [2021-03-26 10:49:34,998] {dagbag.py:440} INFO - Filling up the DagBag from /usr/local/lib/python3.9/site-packages/airflow/example_dags/example_subdag_operator.py
[2021-03-26 10:49:35,026] {scheduler_job.py:639} INFO - DAG(s) dict_keys(['example_subdag_operator.section-1', 'example_subdag_operator.section-2', 'example_subdag_operator']) retrieved from /usr/local/lib/python3.9/site-packages/airflow/example_dags/example_subdag_operator.py
[2021-03-26 10:49:35,026] {logging_mixin.py:103} INFO - [2021-03-26 10:49:35,026] {dag.py:1813} INFO - Sync 3 DAGs
[2021-03-26 10:49:35,033] {logging_mixin.py:103} INFO - [2021-03-26 10:49:35,033] {dag.py:2266} INFO - Setting next_dagrun for example_subdag_operator to 2021-03-24 00:00:00+00:00
[2021-03-26 10:49:35,034] {logging_mixin.py:103} INFO - [2021-03-26 10:49:35,034] {dag.py:2266} INFO - Setting next_dagrun for example_subdag_operator.section-1 to None
[2021-03-26 10:49:35,034] {logging_mixin.py:103} INFO - [2021-03-26 10:49:35,034] {dag.py:2266} INFO - Setting next_dagrun for example_subdag_operator.section-2 to None
[2021-03-26 10:49:35,037] {logging_mixin.py:103} INFO - [2021-03-26 10:49:35,037] {dag.py:1813} INFO - Sync 2 DAGs
[2021-03-26 10:49:35,041] {logging_mixin.py:103} INFO - [2021-03-26 10:49:35,041] {dag.py:2266} INFO - Setting next_dagrun for example_subdag_operator.section-1 to None
[2021-03-26 10:49:35,041] {logging_mixin.py:103} INFO - [2021-03-26 10:49:35,041] {dag.py:2266} INFO - Setting next_dagrun for example_subdag_operator.section-2 to None
[2021-03-26 10:49:35,048] {scheduler_job.py:189} INFO - Processing /usr/local/lib/python3.9/site-packages/airflow/example_dags/example_subdag_operator.py took 0.052 seconds
[2021-03-26 10:50:27,786] {scheduler_job.py:181} INFO - Started process (PID=4407) to work on /usr/local/lib/python3.9/site-packages/airflow/example_dags/example_subdag_operator.py
[2021-03-26 10:50:27,787] {scheduler_job.py:629} INFO - Processing file /usr/local/lib/python3.9/site-packages/airflow/example_dags/example_subdag_operator.py for tasks to queue
[2021-03-26 10:50:27,788] {logging_mixin.py:103} INFO - [2021-03-26 10:50:27,787] {dagbag.py:440} INFO - Filling up the DagBag from /usr/local/lib/python3.9/site-packages/airflow/example_dags/example_subdag_operator.py
[2021-03-26 10:50:27,812] {scheduler_job.py:639} INFO - DAG(s) dict_keys(['example_subdag_operator.section-1', 'example_subdag_operator.section-2', 'example_subdag_operator']) retrieved from /usr/local/lib/python3.9/site-packages/airflow/example_dags/example_subdag_operator.py
[2021-03-26 10:50:27,812] {logging_mixin.py:103} INFO - [2021-03-26 10:50:27,812] {dag.py:1813} INFO - Sync 3 DAGs
[2021-03-26 10:50:27,818] {logging_mixin.py:103} INFO - [2021-03-26 10:50:27,818] {dag.py:2266} INFO - Setting next_dagrun for example_subdag_operator to 2021-03-24 00:00:00+00:00
[2021-03-26 10:50:27,819] {logging_mixin.py:103} INFO - [2021-03-26 10:50:27,819] {dag.py:2266} INFO - Setting next_dagrun for example_subdag_operator.section-1 to None
[2021-03-26 10:50:27,819] {logging_mixin.py:103} INFO - [2021-03-26 10:50:27,819] {dag.py:2266} INFO - Setting next_dagrun for example_subdag_operator.section-2 to None
[2021-03-26 10:50:27,821] {logging_mixin.py:103} INFO - [2021-03-26 10:50:27,821] {dag.py:1813} INFO - Sync 2 DAGs
[2021-03-26 10:50:27,824] {logging_mixin.py:103} INFO - [2021-03-26 10:50:27,824] {dag.py:2266} INFO - Setting next_dagrun for example_subdag_operator.section-1 to None
[2021-03-26 10:50:27,824] {logging_mixin.py:103} INFO - [2021-03-26 10:50:27,824] {dag.py:2266} INFO - Setting next_dagrun for example_subdag_operator.section-2 to None
[2021-03-26 10:50:27,831] {scheduler_job.py:189} INFO - Processing /usr/local/lib/python3.9/site-packages/airflow/example_dags/example_subdag_operator.py took 0.045 seconds
