[2021-03-26 10:48:27,597] {scheduler_job.py:181} INFO - Started process (PID=4127) to work on /usr/local/lib/python3.9/site-packages/airflow/example_dags/example_complex.py
[2021-03-26 10:48:27,597] {scheduler_job.py:629} INFO - Processing file /usr/local/lib/python3.9/site-packages/airflow/example_dags/example_complex.py for tasks to queue
[2021-03-26 10:48:27,597] {logging_mixin.py:103} INFO - [2021-03-26 10:48:27,597] {dagbag.py:440} INFO - Filling up the DagBag from /usr/local/lib/python3.9/site-packages/airflow/example_dags/example_complex.py
[2021-03-26 10:48:27,607] {scheduler_job.py:639} INFO - DAG(s) dict_keys(['example_complex']) retrieved from /usr/local/lib/python3.9/site-packages/airflow/example_dags/example_complex.py
[2021-03-26 10:48:27,607] {logging_mixin.py:103} INFO - [2021-03-26 10:48:27,607] {dag.py:1813} INFO - Sync 1 DAGs
[2021-03-26 10:48:27,635] {logging_mixin.py:103} INFO - [2021-03-26 10:48:27,635] {dag.py:2266} INFO - Setting next_dagrun for example_complex to None
[2021-03-26 10:48:27,642] {scheduler_job.py:189} INFO - Processing /usr/local/lib/python3.9/site-packages/airflow/example_dags/example_complex.py took 0.046 seconds
[2021-03-26 10:49:08,216] {scheduler_job.py:181} INFO - Started process (PID=4216) to work on /usr/local/lib/python3.9/site-packages/airflow/example_dags/example_complex.py
[2021-03-26 10:49:08,217] {scheduler_job.py:629} INFO - Processing file /usr/local/lib/python3.9/site-packages/airflow/example_dags/example_complex.py for tasks to queue
[2021-03-26 10:49:08,217] {logging_mixin.py:103} INFO - [2021-03-26 10:49:08,217] {dagbag.py:440} INFO - Filling up the DagBag from /usr/local/lib/python3.9/site-packages/airflow/example_dags/example_complex.py
[2021-03-26 10:49:08,225] {scheduler_job.py:639} INFO - DAG(s) dict_keys(['example_complex']) retrieved from /usr/local/lib/python3.9/site-packages/airflow/example_dags/example_complex.py
[2021-03-26 10:49:08,225] {logging_mixin.py:103} INFO - [2021-03-26 10:49:08,225] {dag.py:1813} INFO - Sync 1 DAGs
[2021-03-26 10:49:08,247] {logging_mixin.py:103} INFO - [2021-03-26 10:49:08,246] {dag.py:2266} INFO - Setting next_dagrun for example_complex to None
[2021-03-26 10:49:08,262] {scheduler_job.py:189} INFO - Processing /usr/local/lib/python3.9/site-packages/airflow/example_dags/example_complex.py took 0.046 seconds
[2021-03-26 10:50:01,107] {scheduler_job.py:181} INFO - Started process (PID=4334) to work on /usr/local/lib/python3.9/site-packages/airflow/example_dags/example_complex.py
[2021-03-26 10:50:01,108] {scheduler_job.py:629} INFO - Processing file /usr/local/lib/python3.9/site-packages/airflow/example_dags/example_complex.py for tasks to queue
[2021-03-26 10:50:01,109] {logging_mixin.py:103} INFO - [2021-03-26 10:50:01,109] {dagbag.py:440} INFO - Filling up the DagBag from /usr/local/lib/python3.9/site-packages/airflow/example_dags/example_complex.py
[2021-03-26 10:50:01,118] {scheduler_job.py:639} INFO - DAG(s) dict_keys(['example_complex']) retrieved from /usr/local/lib/python3.9/site-packages/airflow/example_dags/example_complex.py
[2021-03-26 10:50:01,119] {logging_mixin.py:103} INFO - [2021-03-26 10:50:01,119] {dag.py:1813} INFO - Sync 1 DAGs
[2021-03-26 10:50:01,145] {logging_mixin.py:103} INFO - [2021-03-26 10:50:01,145] {dag.py:2266} INFO - Setting next_dagrun for example_complex to None
[2021-03-26 10:50:01,159] {scheduler_job.py:189} INFO - Processing /usr/local/lib/python3.9/site-packages/airflow/example_dags/example_complex.py took 0.052 seconds
