[2021-03-26 10:48:29,090] {scheduler_job.py:181} INFO - Started process (PID=4136) to work on /usr/local/lib/python3.9/site-packages/airflow/example_dags/example_dag_decorator.py
[2021-03-26 10:48:29,090] {scheduler_job.py:629} INFO - Processing file /usr/local/lib/python3.9/site-packages/airflow/example_dags/example_dag_decorator.py for tasks to queue
[2021-03-26 10:48:29,090] {logging_mixin.py:103} INFO - [2021-03-26 10:48:29,090] {dagbag.py:440} INFO - Filling up the DagBag from /usr/local/lib/python3.9/site-packages/airflow/example_dags/example_dag_decorator.py
[2021-03-26 10:48:29,099] {scheduler_job.py:639} INFO - DAG(s) dict_keys(['example_dag_decorator']) retrieved from /usr/local/lib/python3.9/site-packages/airflow/example_dags/example_dag_decorator.py
[2021-03-26 10:48:29,099] {logging_mixin.py:103} INFO - [2021-03-26 10:48:29,099] {dag.py:1813} INFO - Sync 1 DAGs
[2021-03-26 10:48:29,127] {logging_mixin.py:103} INFO - [2021-03-26 10:48:29,127] {dag.py:2266} INFO - Setting next_dagrun for example_dag_decorator to None
[2021-03-26 10:48:29,132] {scheduler_job.py:189} INFO - Processing /usr/local/lib/python3.9/site-packages/airflow/example_dags/example_dag_decorator.py took 0.043 seconds
[2021-03-26 10:49:15,695] {scheduler_job.py:181} INFO - Started process (PID=4220) to work on /usr/local/lib/python3.9/site-packages/airflow/example_dags/example_dag_decorator.py
[2021-03-26 10:49:15,696] {scheduler_job.py:629} INFO - Processing file /usr/local/lib/python3.9/site-packages/airflow/example_dags/example_dag_decorator.py for tasks to queue
[2021-03-26 10:49:15,697] {logging_mixin.py:103} INFO - [2021-03-26 10:49:15,697] {dagbag.py:440} INFO - Filling up the DagBag from /usr/local/lib/python3.9/site-packages/airflow/example_dags/example_dag_decorator.py
[2021-03-26 10:49:15,705] {scheduler_job.py:639} INFO - DAG(s) dict_keys(['example_dag_decorator']) retrieved from /usr/local/lib/python3.9/site-packages/airflow/example_dags/example_dag_decorator.py
[2021-03-26 10:49:15,705] {logging_mixin.py:103} INFO - [2021-03-26 10:49:15,705] {dag.py:1813} INFO - Sync 1 DAGs
[2021-03-26 10:49:15,731] {logging_mixin.py:103} INFO - [2021-03-26 10:49:15,731] {dag.py:2266} INFO - Setting next_dagrun for example_dag_decorator to None
[2021-03-26 10:49:15,742] {scheduler_job.py:189} INFO - Processing /usr/local/lib/python3.9/site-packages/airflow/example_dags/example_dag_decorator.py took 0.047 seconds
[2021-03-26 10:50:09,315] {scheduler_job.py:181} INFO - Started process (PID=4352) to work on /usr/local/lib/python3.9/site-packages/airflow/example_dags/example_dag_decorator.py
[2021-03-26 10:50:09,315] {scheduler_job.py:629} INFO - Processing file /usr/local/lib/python3.9/site-packages/airflow/example_dags/example_dag_decorator.py for tasks to queue
[2021-03-26 10:50:09,316] {logging_mixin.py:103} INFO - [2021-03-26 10:50:09,316] {dagbag.py:440} INFO - Filling up the DagBag from /usr/local/lib/python3.9/site-packages/airflow/example_dags/example_dag_decorator.py
[2021-03-26 10:50:09,322] {scheduler_job.py:639} INFO - DAG(s) dict_keys(['example_dag_decorator']) retrieved from /usr/local/lib/python3.9/site-packages/airflow/example_dags/example_dag_decorator.py
[2021-03-26 10:50:09,323] {logging_mixin.py:103} INFO - [2021-03-26 10:50:09,323] {dag.py:1813} INFO - Sync 1 DAGs
[2021-03-26 10:50:09,346] {logging_mixin.py:103} INFO - [2021-03-26 10:50:09,346] {dag.py:2266} INFO - Setting next_dagrun for example_dag_decorator to None
[2021-03-26 10:50:09,357] {scheduler_job.py:189} INFO - Processing /usr/local/lib/python3.9/site-packages/airflow/example_dags/example_dag_decorator.py took 0.043 seconds
