[2021-03-26 10:48:35,387] {scheduler_job.py:181} INFO - Started process (PID=4151) to work on /usr/local/lib/python3.9/site-packages/airflow/example_dags/example_skip_dag.py
[2021-03-26 10:48:35,387] {scheduler_job.py:629} INFO - Processing file /usr/local/lib/python3.9/site-packages/airflow/example_dags/example_skip_dag.py for tasks to queue
[2021-03-26 10:48:35,387] {logging_mixin.py:103} INFO - [2021-03-26 10:48:35,387] {dagbag.py:440} INFO - Filling up the DagBag from /usr/local/lib/python3.9/site-packages/airflow/example_dags/example_skip_dag.py
[2021-03-26 10:48:35,392] {scheduler_job.py:639} INFO - DAG(s) dict_keys(['example_skip_dag']) retrieved from /usr/local/lib/python3.9/site-packages/airflow/example_dags/example_skip_dag.py
[2021-03-26 10:48:35,393] {logging_mixin.py:103} INFO - [2021-03-26 10:48:35,393] {dag.py:1813} INFO - Sync 1 DAGs
[2021-03-26 10:48:35,415] {logging_mixin.py:103} INFO - [2021-03-26 10:48:35,415] {dag.py:2266} INFO - Setting next_dagrun for example_skip_dag to 2021-03-24 00:00:00+00:00
[2021-03-26 10:48:35,423] {scheduler_job.py:189} INFO - Processing /usr/local/lib/python3.9/site-packages/airflow/example_dags/example_skip_dag.py took 0.037 seconds
[2021-03-26 10:49:06,106] {scheduler_job.py:181} INFO - Started process (PID=4214) to work on /usr/local/lib/python3.9/site-packages/airflow/example_dags/example_skip_dag.py
[2021-03-26 10:49:06,107] {scheduler_job.py:629} INFO - Processing file /usr/local/lib/python3.9/site-packages/airflow/example_dags/example_skip_dag.py for tasks to queue
[2021-03-26 10:49:06,107] {logging_mixin.py:103} INFO - [2021-03-26 10:49:06,107] {dagbag.py:440} INFO - Filling up the DagBag from /usr/local/lib/python3.9/site-packages/airflow/example_dags/example_skip_dag.py
[2021-03-26 10:49:06,111] {scheduler_job.py:639} INFO - DAG(s) dict_keys(['example_skip_dag']) retrieved from /usr/local/lib/python3.9/site-packages/airflow/example_dags/example_skip_dag.py
[2021-03-26 10:49:06,112] {logging_mixin.py:103} INFO - [2021-03-26 10:49:06,112] {dag.py:1813} INFO - Sync 1 DAGs
[2021-03-26 10:49:06,138] {logging_mixin.py:103} INFO - [2021-03-26 10:49:06,138] {dag.py:2266} INFO - Setting next_dagrun for example_skip_dag to 2021-03-24 00:00:00+00:00
[2021-03-26 10:49:06,148] {scheduler_job.py:189} INFO - Processing /usr/local/lib/python3.9/site-packages/airflow/example_dags/example_skip_dag.py took 0.043 seconds
[2021-03-26 10:49:59,318] {scheduler_job.py:181} INFO - Started process (PID=4325) to work on /usr/local/lib/python3.9/site-packages/airflow/example_dags/example_skip_dag.py
[2021-03-26 10:49:59,319] {scheduler_job.py:629} INFO - Processing file /usr/local/lib/python3.9/site-packages/airflow/example_dags/example_skip_dag.py for tasks to queue
[2021-03-26 10:49:59,319] {logging_mixin.py:103} INFO - [2021-03-26 10:49:59,319] {dagbag.py:440} INFO - Filling up the DagBag from /usr/local/lib/python3.9/site-packages/airflow/example_dags/example_skip_dag.py
[2021-03-26 10:49:59,325] {scheduler_job.py:639} INFO - DAG(s) dict_keys(['example_skip_dag']) retrieved from /usr/local/lib/python3.9/site-packages/airflow/example_dags/example_skip_dag.py
[2021-03-26 10:49:59,325] {logging_mixin.py:103} INFO - [2021-03-26 10:49:59,325] {dag.py:1813} INFO - Sync 1 DAGs
[2021-03-26 10:49:59,347] {logging_mixin.py:103} INFO - [2021-03-26 10:49:59,347] {dag.py:2266} INFO - Setting next_dagrun for example_skip_dag to 2021-03-24 00:00:00+00:00
[2021-03-26 10:49:59,354] {scheduler_job.py:189} INFO - Processing /usr/local/lib/python3.9/site-packages/airflow/example_dags/example_skip_dag.py took 0.037 seconds
