[2021-03-26 10:48:37,498] {scheduler_job.py:181} INFO - Started process (PID=4152) to work on /usr/local/lib/python3.9/site-packages/airflow/example_dags/example_latest_only.py
[2021-03-26 10:48:37,498] {scheduler_job.py:629} INFO - Processing file /usr/local/lib/python3.9/site-packages/airflow/example_dags/example_latest_only.py for tasks to queue
[2021-03-26 10:48:37,498] {logging_mixin.py:103} INFO - [2021-03-26 10:48:37,498] {dagbag.py:440} INFO - Filling up the DagBag from /usr/local/lib/python3.9/site-packages/airflow/example_dags/example_latest_only.py
[2021-03-26 10:48:37,505] {scheduler_job.py:639} INFO - DAG(s) dict_keys(['latest_only']) retrieved from /usr/local/lib/python3.9/site-packages/airflow/example_dags/example_latest_only.py
[2021-03-26 10:48:37,505] {logging_mixin.py:103} INFO - [2021-03-26 10:48:37,505] {dag.py:1813} INFO - Sync 1 DAGs
[2021-03-26 10:48:37,530] {logging_mixin.py:103} INFO - [2021-03-26 10:48:37,530] {dag.py:2266} INFO - Setting next_dagrun for latest_only to 2021-03-24 00:00:00+00:00
[2021-03-26 10:48:37,539] {scheduler_job.py:189} INFO - Processing /usr/local/lib/python3.9/site-packages/airflow/example_dags/example_latest_only.py took 0.041 seconds
[2021-03-26 10:49:37,110] {scheduler_job.py:181} INFO - Started process (PID=4267) to work on /usr/local/lib/python3.9/site-packages/airflow/example_dags/example_latest_only.py
[2021-03-26 10:49:37,111] {scheduler_job.py:629} INFO - Processing file /usr/local/lib/python3.9/site-packages/airflow/example_dags/example_latest_only.py for tasks to queue
[2021-03-26 10:49:37,111] {logging_mixin.py:103} INFO - [2021-03-26 10:49:37,111] {dagbag.py:440} INFO - Filling up the DagBag from /usr/local/lib/python3.9/site-packages/airflow/example_dags/example_latest_only.py
[2021-03-26 10:49:37,116] {scheduler_job.py:639} INFO - DAG(s) dict_keys(['latest_only']) retrieved from /usr/local/lib/python3.9/site-packages/airflow/example_dags/example_latest_only.py
[2021-03-26 10:49:37,116] {logging_mixin.py:103} INFO - [2021-03-26 10:49:37,116] {dag.py:1813} INFO - Sync 1 DAGs
[2021-03-26 10:49:37,138] {logging_mixin.py:103} INFO - [2021-03-26 10:49:37,138] {dag.py:2266} INFO - Setting next_dagrun for latest_only to 2021-03-24 00:00:00+00:00
[2021-03-26 10:49:37,146] {scheduler_job.py:189} INFO - Processing /usr/local/lib/python3.9/site-packages/airflow/example_dags/example_latest_only.py took 0.037 seconds
[2021-03-26 10:50:29,887] {scheduler_job.py:181} INFO - Started process (PID=4409) to work on /usr/local/lib/python3.9/site-packages/airflow/example_dags/example_latest_only.py
[2021-03-26 10:50:29,888] {scheduler_job.py:629} INFO - Processing file /usr/local/lib/python3.9/site-packages/airflow/example_dags/example_latest_only.py for tasks to queue
[2021-03-26 10:50:29,889] {logging_mixin.py:103} INFO - [2021-03-26 10:50:29,889] {dagbag.py:440} INFO - Filling up the DagBag from /usr/local/lib/python3.9/site-packages/airflow/example_dags/example_latest_only.py
[2021-03-26 10:50:29,894] {scheduler_job.py:639} INFO - DAG(s) dict_keys(['latest_only']) retrieved from /usr/local/lib/python3.9/site-packages/airflow/example_dags/example_latest_only.py
[2021-03-26 10:50:29,894] {logging_mixin.py:103} INFO - [2021-03-26 10:50:29,894] {dag.py:1813} INFO - Sync 1 DAGs
[2021-03-26 10:50:29,918] {logging_mixin.py:103} INFO - [2021-03-26 10:50:29,918] {dag.py:2266} INFO - Setting next_dagrun for latest_only to 2021-03-24 00:00:00+00:00
[2021-03-26 10:50:29,927] {scheduler_job.py:189} INFO - Processing /usr/local/lib/python3.9/site-packages/airflow/example_dags/example_latest_only.py took 0.040 seconds
